<?xml version="1.0" encoding="UTF-8"?>
<testsuite xmlns:xsi="http://www.w3.org/2001/XMLSchema-instance" xsi:noNamespaceSchemaLocation="https://maven.apache.org/surefire/maven-surefire-plugin/xsd/surefire-test-report.xsd" name="com.yue.wordladder.WordLadderApplicationTests" time="71.833" tests="12" errors="0" skipped="0" failures="0">
  <properties>
[...]
</properties>
  <testcase name="startServer" classname="com.yue.wordladder.WordLadderApplicationTests" time="2.301"/>
  <testcase name="raiseLadderNotFoundException" classname="com.yue.wordladder.WordLadderApplicationTests" time="0.003"/>
  <testcase name="raiseWordNotFoundException" classname="com.yue.wordladder.WordLadderApplicationTests" time="0.004"/>
  <testcase name="testNormallyReadResources" classname="com.yue.wordladder.WordLadderApplicationTests" time="0.003"/>
  <testcase name="testPrinter" classname="com.yue.wordladder.WordLadderApplicationTests" time="0.004"/>
  <testcase name="testInvalidArguments" classname="com.yue.wordladder.WordLadderApplicationTests" time="0.027"/>
  <testcase name="testReverser" classname="com.yue.wordladder.WordLadderApplicationTests" time="0.004"/>
  <testcase name="checkJSONOutput" classname="com.yue.wordladder.WordLadderApplicationTests" time="13.235"/>
  <testcase name="testCorrectLadder" classname="com.yue.wordladder.WordLadderApplicationTests" time="36.523"/>
  <testcase name="testLadderNotFoundException" classname="com.yue.wordladder.WordLadderApplicationTests" time="11.536"/>
  <testcase name="testAbnormallyReadResources" classname="com.yue.wordladder.WordLadderApplicationTests" time="0.002"/>
  <testcase name="testControllers" classname="com.yue.wordladder.WordLadderApplicationTests" time="0.002"/>
</testsuite>